Arguments: 
  /usr/local/bin/node /usr/local/Cellar/yarn/1.19.0/libexec/bin/yarn.js add @material-ui/core/Button

PATH: 
  /usr/local/bin:/usr/bin:/bin:/usr/sbin:/sbin:/Library/Frameworks/Mono.framework/Versions/Current/Commands

Yarn version: 
  1.19.0

Node version: 
  12.9.1

Platform: 
  darwin x64

Trace: 
  Error: https://registry.yarnpkg.com/@material-ui%2fcore/Button: Request "https://registry.yarnpkg.com/@material-ui%2fcore/Button" returned a 405
      at Request.params.callback [as _callback] (/usr/local/Cellar/yarn/1.19.0/libexec/lib/cli.js:66927:18)
      at Request.self.callback (/usr/local/Cellar/yarn/1.19.0/libexec/lib/cli.js:140539:22)
      at Request.emit (events.js:209:13)
      at Request.<anonymous> (/usr/local/Cellar/yarn/1.19.0/libexec/lib/cli.js:141511:10)
      at Request.emit (events.js:209:13)
      at IncomingMessage.<anonymous> (/usr/local/Cellar/yarn/1.19.0/libexec/lib/cli.js:141433:12)
      at Object.onceWrapper (events.js:297:20)
      at IncomingMessage.emit (events.js:214:15)
      at endReadableNT (_stream_readable.js:1178:12)
      at processTicksAndRejections (internal/process/task_queues.js:77:11)

npm manifest: 
  {
    "name": "generate-image",
    "version": "1.0.0",
    "description": "단일색상 이미지 생성기",
    "main": "index.js",
    "scripts": {
      "test": "echo \"Error: no test specified\" && exit 1",
      "build": "parcel build index.html --no-cache --no-source-maps --out-dir build --public-url ./ --target electron .",
      "dev": "concurrently \"BROWSER=none npm start\" \"wait-on http://localhost:3000 && electron .\"",
      "start": "parcel index.html --port 3000 --out-dir build && electron .",
      "el": "electron ."
    },
    "author": "kibaem-kimm",
    "license": "ISC",
    "dependencies": {
      "@emotion/core": "^10.0.28",
      "@emotion/styled": "^10.0.27",
      "archiver": "^3.1.1",
      "body-parser": "^1.19.0",
      "electron": "^7.1.11",
      "formidable": "^1.2.2",
      "jimp": "^0.9.3",
      "react": "^16.13.1",
      "react-dom": "^16.13.1",
      "xlsx": "^0.15.6"
    },
    "devDependencies": {
      "@babel/core": "^7.9.0",
      "@babel/preset-env": "^7.9.0",
      "@babel/preset-react": "^7.9.4",
      "concurrently": "^5.1.0",
      "electron-is-dev": "^1.1.0",
      "parcel": "^1.12.4",
      "typescript": "^3.8.3",
      "wait-on": "^4.0.1"
    }
  }

yarn manifest: 
  No manifest

Lockfile: 
  No lockfile
